<?xml version="1.0" encoding="UTF-8"?>
<!-- Generated by org.testng.reporters.JUnitReportReporter -->
<testsuite hostname="DESKTOP-BFS0L6V" failures="0" tests="6" name="com.justdial.test.JustdialTest" time="250.396" errors="0" timestamp="05 Aug 2020 05:27:27 GMT" skipped="0">
  <testcase classname="com.justdial.test.JustdialTest" name="WeblinkTest" time="7.004"/>
  <testcase classname="com.justdial.test.JustdialTest" name="CheckTitel" time="0.064"/>
  <testcase classname="com.justdial.test.JustdialTest" name="LocationSetTest" time="1.667"/>
  <testcase classname="com.justdial.test.JustdialTest" name="SearchTest" time="29.608"/>
  <testcase classname="com.justdial.test.JustdialTest" name="RattingTest" time="26.349"/>
  <testcase classname="com.justdial.test.JustdialTest" name="SelectDataTest" time="185.704"/>
</testsuite> <!-- com.justdial.test.JustdialTest -->
