<?xml version="1.0" encoding="UTF-8"?>
<!-- Generated by org.testng.reporters.JUnitReportReporter -->
<testsuite hostname="DESKTOP-BFS0L6V" failures="0" tests="3" name="driver.JustdialTest" time="70.116" errors="0" timestamp="13 Jul 2020 07:37:02 GMT" skipped="0">
  <testcase classname="driver.JustdialTest" name="LaunchBrowserTest" time="13.899"/>
  <testcase classname="driver.JustdialTest" name="SearchTest" time="53.461"/>
  <testcase classname="driver.JustdialTest" name="SelectDataTest" time="2.756"/>
</testsuite> <!-- driver.JustdialTest -->
