<?xml version="1.0" encoding="UTF-8"?>
<!-- Generated by org.testng.reporters.JUnitReportReporter -->
<testsuite hostname="DESKTOP-BFS0L6V" failures="0" tests="1" name="SearchTest" time="0.009" errors="0" timestamp="11 Jul 2020 15:48:46 GMT" skipped="0">
  <testcase classname="SearchTest" name="test" time="0.009"/>
</testsuite> <!-- SearchTest -->
