<?xml version="1.0" encoding="UTF-8"?>
<!-- Generated by org.testng.reporters.JUnitReportReporter -->
<testsuite hostname="DESKTOP-BFS0L6V" failures="0" tests="6" name="testpackage.JustdialTest" time="89.760" errors="0" timestamp="16 Jul 2020 08:31:04 GMT" skipped="0">
  <testcase classname="testpackage.JustdialTest" name="LaunchBrowserTest" time="10.508"/>
  <testcase classname="testpackage.JustdialTest" name="WeblinkTest" time="13.146"/>
  <testcase classname="testpackage.JustdialTest" name="LocationSetTest" time="1.249"/>
  <testcase classname="testpackage.JustdialTest" name="SearchTest" time="27.846"/>
  <testcase classname="testpackage.JustdialTest" name="RattingTest" time="27.630"/>
  <testcase classname="testpackage.JustdialTest" name="SelectDataTest" time="9.381"/>
</testsuite> <!-- testpackage.JustdialTest -->
