<?xml version="1.0" encoding="UTF-8"?>
<!-- Generated by org.testng.reporters.JUnitReportReporter -->
<testsuite hostname="DESKTOP-BFS0L6V" failures="0" tests="1" name="driver.DriverTest" time="0.018" errors="0" timestamp="11 Jul 2020 15:53:59 GMT" skipped="0">
  <testcase classname="driver.DriverTest" name="LaunchBrowserTest" time="0.018"/>
</testsuite> <!-- driver.DriverTest -->
