<?xml version="1.0" encoding="UTF-8"?>
<!-- Generated by org.testng.reporters.JUnitReportReporter -->
<testsuite hostname="DESKTOP-BFS0L6V" failures="0" tests="2" name="driver.BrowserDriverTest" time="62.653" errors="0" timestamp="11 Jul 2020 18:43:27 GMT" skipped="0">
  <testcase classname="driver.BrowserDriverTest" name="LaunchBrowserTest" time="50.329"/>
  <testcase classname="driver.BrowserDriverTest" name="SearchTest" time="12.324"/>
</testsuite> <!-- driver.BrowserDriverTest -->
