<?xml version="1.0" encoding="UTF-8"?>
<!-- Generated by org.testng.reporters.JUnitReportReporter -->
<testsuite skipped="0" hostname="DESKTOP-BFS0L6V" name="com.justdial.test.JustdialTest" tests="6" failures="0" timestamp="09 Aug 2020 15:38:24 GMT" time="459.251" errors="0">
  <testcase name="WeblinkTest" time="24.118" classname="com.justdial.test.JustdialTest"/>
  <testcase name="CheckTitel" time="0.078" classname="com.justdial.test.JustdialTest"/>
  <testcase name="LocationSetTest" time="2.252" classname="com.justdial.test.JustdialTest"/>
  <testcase name="SearchTest" time="30.156" classname="com.justdial.test.JustdialTest"/>
  <testcase name="RattingTest" time="57.789" classname="com.justdial.test.JustdialTest"/>
  <testcase name="SelectDataTest" time="344.858" classname="com.justdial.test.JustdialTest"/>
</testsuite> <!-- com.justdial.test.JustdialTest -->
