<?xml version="1.0" encoding="UTF-8"?>
<!-- Generated by org.testng.reporters.JUnitReportReporter -->
<testsuite skipped="0" hostname="DESKTOP-BFS0L6V" name="com.justdial.test.JustdialTest" tests="6" failures="0" timestamp="10 Aug 2020 06:18:10 GMT" time="289.648" errors="0">
  <testcase name="WeblinkTest" time="7.704" classname="com.justdial.test.JustdialTest"/>
  <testcase name="CheckTitel" time="0.206" classname="com.justdial.test.JustdialTest"/>
  <testcase name="LocationSetTest" time="1.873" classname="com.justdial.test.JustdialTest"/>
  <testcase name="SearchTest" time="31.932" classname="com.justdial.test.JustdialTest"/>
  <testcase name="RattingTest" time="28.119" classname="com.justdial.test.JustdialTest"/>
  <testcase name="SelectDataTest" time="219.814" classname="com.justdial.test.JustdialTest"/>
</testsuite> <!-- com.justdial.test.JustdialTest -->
